Line 27: Class MSComctlLib.Toolbar of control tlbBotoes was not a loaded control class.
Line 99: Class MSComctlLib.ImageList of control ImageList1 was not a loaded control class.
Line 137: Class TabDlg.SSTab of control sstAlineas was not a loaded control class.
Line 201: Class MSDataGridLib.DataGrid of control adgAlineas was not a loaded control class.
Line 34: The property name _ExtentX in tlbBotoes is invalid.
Line 35: The property name _ExtentY in tlbBotoes is invalid.
Line 36: The property name ButtonWidth in tlbBotoes is invalid.
Line 37: The property name ButtonHeight in tlbBotoes is invalid.
Line 38: The property name Style in tlbBotoes is invalid.
Line 39: The property name ImageList in tlbBotoes is invalid.
Line 40: The property name HotImageList in tlbBotoes is invalid.
Line 41: The property name _Version in tlbBotoes is invalid.
Line 97: The property name Buttons in tlbBotoes is invalid.
Line 102: The property name _ExtentX in ImageList1 is invalid.
Line 103: The property name _ExtentY in ImageList1 is invalid.
Line 105: The property name ImageWidth in ImageList1 is invalid.
Line 106: The property name ImageHeight in ImageList1 is invalid.
Line 107: The property name MaskColor in ImageList1 is invalid.
Line 108: The property name _Version in ImageList1 is invalid.
Line 135: The property name Images in ImageList1 is invalid.
Line 143: The property name _ExtentX in sstAlineas is invalid.
Line 144: The property name _ExtentY in sstAlineas is invalid.
Line 145: The property name _Version in sstAlineas is invalid.
Line 146: The property name Tabs in sstAlineas is invalid.
Line 147: The property name TabsPerRow in sstAlineas is invalid.
Line 148: The property name TabHeight in sstAlineas is invalid.
Line 160: The property name TabCaption(0) in sstAlineas is invalid.
Line 161: The property name TabPicture(0) in sstAlineas is invalid.
Line 162: The property name Tab(0).ControlEnabled in sstAlineas is invalid.
Line 163: The property name Tab(0).Control(0) in sstAlineas is invalid.
Line 164: The property name Tab(0).Control(0).Enabled in sstAlineas is invalid.
Line 165: The property name Tab(0).Control(1) in sstAlineas is invalid.
Line 166: The property name Tab(0).Control(1).Enabled in sstAlineas is invalid.
Line 167: The property name Tab(0).Control(2) in sstAlineas is invalid.
Line 168: The property name Tab(0).Control(2).Enabled in sstAlineas is invalid.
Line 169: The property name Tab(0).Control(3) in sstAlineas is invalid.
Line 170: The property name Tab(0).Control(3).Enabled in sstAlineas is invalid.
Line 171: The property name Tab(0).ControlCount in sstAlineas is invalid.
Line 172: The property name TabCaption(1) in sstAlineas is invalid.
Line 173: The property name TabPicture(1) in sstAlineas is invalid.
Line 174: The property name Tab(1).ControlEnabled in sstAlineas is invalid.
Line 175: The property name Tab(1).Control(0) in sstAlineas is invalid.
Line 176: The property name Tab(1).Control(1) in sstAlineas is invalid.
Line 177: The property name Tab(1).Control(2) in sstAlineas is invalid.
Line 178: The property name Tab(1).ControlCount in sstAlineas is invalid.
Line 137: Property MouseIcon in sstAlineas could not be set.
Line 207: The property name _ExtentX in adgAlineas is invalid.
Line 208: The property name _ExtentY in adgAlineas is invalid.
Line 209: The property name _Version in adgAlineas is invalid.
Line 210: The property name AllowUpdate in adgAlineas is invalid.
Line 211: The property name HeadLines in adgAlineas is invalid.
Line 212: The property name RowHeight in adgAlineas is invalid.
Line 221: The property name HeadFont in adgAlineas is invalid.
Line 231: The property name ColumnCount in adgAlineas is invalid.
Line 244: The property name Column00 in adgAlineas is invalid.
Line 257: The property name Column01 in adgAlineas is invalid.
Line 258: The property name SplitCount in adgAlineas is invalid.
Line 264: The property name Split0 in adgAlineas is invalid.
