Line 17: Class AplicativoUsuárioOCX.AplicativoUsuário of control AplicativoUsuário was not a loaded control class.
Line 24: Class SegundoPlano.SegundoPlanoMDI of control SegundoPlano was not a loaded control class.
Line 66: Class GMMenuVertical.MenuVertical of control mnvMDI was not a loaded control class.
Line 179: Class MSComctlLib.ImageList of control ImageListGeralGrande was not a loaded control class.
Line 314: Class MSComctlLib.ImageList of control ImageListToolBar was not a loaded control class.
Line 416: Class ComCtl3.CoolBar of control CoolBar1 was not a loaded control class.
Line 438: Class MSComctlLib.Toolbar of control ToolbarAreaDeTrabalho was not a loaded control class.
Line 465: Class MSComctlLib.Toolbar of control ToolbarPadrão was not a loaded control class.
Line 541: Class MSComctlLib.ImageList of control ImageListGeral was not a loaded control class.
Line 679: Class MSComctlLib.ImageList of control ImageListGeralPequeno was not a loaded control class.
Line 21: The property name _ExtentX in AplicativoUsuário is invalid.
Line 22: The property name _ExtentY in AplicativoUsuário is invalid.
Line 27: The property name _ExtentX in SegundoPlano is invalid.
Line 28: The property name _ExtentY in SegundoPlano is invalid.
Line 73: The property name _ExtentX in mnvMDI is invalid.
Line 74: The property name _ExtentY in mnvMDI is invalid.
Line 75: The property name MenuMax in mnvMDI is invalid.
Line 76: The property name MenuAtual in mnvMDI is invalid.
Line 77: The property name MenuCaption1 in mnvMDI is invalid.
Line 78: The property name ItemMenuMax1 in mnvMDI is invalid.
Line 79: The property name ItemMenuÍcone11 in mnvMDI is invalid.
Line 80: The property name ItemMenuCaption11 in mnvMDI is invalid.
Line 81: The property name ItemMenuÍcone12 in mnvMDI is invalid.
Line 82: The property name ItemMenuCaption12 in mnvMDI is invalid.
Line 83: The property name ItemMenuÍcone13 in mnvMDI is invalid.
Line 84: The property name ItemMenuCaption13 in mnvMDI is invalid.
Line 85: The property name ItemMenuÍcone14 in mnvMDI is invalid.
Line 86: The property name ItemMenuCaption14 in mnvMDI is invalid.
Line 87: The property name ItemMenuÍcone15 in mnvMDI is invalid.
Line 88: The property name ItemMenuCaption15 in mnvMDI is invalid.
Line 89: The property name ItemMenuÍcone16 in mnvMDI is invalid.
Line 90: The property name ItemMenuCaption16 in mnvMDI is invalid.
Line 91: The property name ItemMenuÍcone17 in mnvMDI is invalid.
Line 92: The property name ItemMenuCaption17 in mnvMDI is invalid.
Line 93: The property name ItemMenuÍcone18 in mnvMDI is invalid.
Line 94: The property name ItemMenuCaption18 in mnvMDI is invalid.
Line 95: The property name ItemMenuÍcone19 in mnvMDI is invalid.
Line 96: The property name ItemMenuCaption19 in mnvMDI is invalid.
Line 97: The property name ItemMenuÍcone110 in mnvMDI is invalid.
Line 98: The property name ItemMenuCaption110 in mnvMDI is invalid.
Line 99: The property name MenuCaption2 in mnvMDI is invalid.
Line 100: The property name ItemMenuMax2 in mnvMDI is invalid.
Line 101: The property name ItemMenuÍcone21 in mnvMDI is invalid.
Line 102: The property name ItemMenuCaption21 in mnvMDI is invalid.
Line 103: The property name ItemMenuÍcone22 in mnvMDI is invalid.
Line 104: The property name ItemMenuCaption22 in mnvMDI is invalid.
Line 105: The property name ItemMenuÍcone23 in mnvMDI is invalid.
Line 106: The property name ItemMenuCaption23 in mnvMDI is invalid.
Line 107: The property name ItemMenuÍcone24 in mnvMDI is invalid.
Line 108: The property name ItemMenuCaption24 in mnvMDI is invalid.
Line 109: The property name ItemMenuÍcone25 in mnvMDI is invalid.
Line 110: The property name ItemMenuCaption25 in mnvMDI is invalid.
Line 111: The property name ItemMenuÍcone26 in mnvMDI is invalid.
Line 112: The property name ItemMenuCaption26 in mnvMDI is invalid.
Line 113: The property name ItemMenuÍcone27 in mnvMDI is invalid.
Line 114: The property name ItemMenuCaption27 in mnvMDI is invalid.
Line 115: The property name ItemMenuÍcone28 in mnvMDI is invalid.
Line 116: The property name ItemMenuCaption28 in mnvMDI is invalid.
Line 117: The property name ItemMenuÍcone29 in mnvMDI is invalid.
Line 118: The property name ItemMenuCaption29 in mnvMDI is invalid.
Line 119: The property name ItemMenuÍcone210 in mnvMDI is invalid.
Line 120: The property name ItemMenuCaption210 in mnvMDI is invalid.
Line 121: The property name MenuCaption3 in mnvMDI is invalid.
Line 122: The property name ItemMenuMax3 in mnvMDI is invalid.
Line 123: The property name ItemMenuÍcone31 in mnvMDI is invalid.
Line 124: The property name ItemMenuCaption31 in mnvMDI is invalid.
Line 125: The property name ItemMenuÍcone32 in mnvMDI is invalid.
Line 126: The property name ItemMenuCaption32 in mnvMDI is invalid.
Line 127: The property name ItemMenuÍcone33 in mnvMDI is invalid.
Line 128: The property name ItemMenuCaption33 in mnvMDI is invalid.
Line 129: The property name ItemMenuÍcone34 in mnvMDI is invalid.
Line 130: The property name ItemMenuCaption34 in mnvMDI is invalid.
Line 131: The property name ItemMenuÍcone35 in mnvMDI is invalid.
Line 132: The property name ItemMenuCaption35 in mnvMDI is invalid.
Line 133: The property name ItemMenuÍcone36 in mnvMDI is invalid.
Line 134: The property name ItemMenuCaption36 in mnvMDI is invalid.
Line 135: The property name MenuCaption4 in mnvMDI is invalid.
Line 136: The property name ItemMenuMax4 in mnvMDI is invalid.
Line 137: The property name ItemMenuÍcone41 in mnvMDI is invalid.
Line 138: The property name ItemMenuCaption41 in mnvMDI is invalid.
Line 139: The property name ItemMenuÍcone42 in mnvMDI is invalid.
Line 140: The property name ItemMenuCaption42 in mnvMDI is invalid.
Line 141: The property name ItemMenuÍcone43 in mnvMDI is invalid.
Line 142: The property name ItemMenuCaption43 in mnvMDI is invalid.
Line 143: The property name ItemMenuÍcone44 in mnvMDI is invalid.
Line 144: The property name ItemMenuCaption44 in mnvMDI is invalid.
Line 145: The property name ItemMenuÍcone45 in mnvMDI is invalid.
Line 146: The property name ItemMenuCaption45 in mnvMDI is invalid.
Line 147: The property name ItemMenuÍcone46 in mnvMDI is invalid.
Line 148: The property name ItemMenuCaption46 in mnvMDI is invalid.
Line 149: The property name MenuCaption5 in mnvMDI is invalid.
Line 150: The property name ItemMenuMax5 in mnvMDI is invalid.
Line 151: The property name ItemMenuÍcone51 in mnvMDI is invalid.
Line 152: The property name ItemMenuCaption51 in mnvMDI is invalid.
Line 153: The property name ItemMenuÍcone52 in mnvMDI is invalid.
Line 154: The property name ItemMenuCaption52 in mnvMDI is invalid.
Line 155: The property name ItemMenuÍcone53 in mnvMDI is invalid.
Line 156: The property name ItemMenuCaption53 in mnvMDI is invalid.
Line 157: The property name MenuCaption6 in mnvMDI is invalid.
Line 158: The property name ItemMenuÍcone61 in mnvMDI is invalid.
Line 159: The property name MenuCaption7 in mnvMDI is invalid.
Line 160: The property name ItemMenuÍcone71 in mnvMDI is invalid.
Line 161: The property name MenuCaption8 in mnvMDI is invalid.
Line 162: The property name ItemMenuMax8 in mnvMDI is invalid.
Line 163: The property name ItemMenuÍcone81 in mnvMDI is invalid.
Line 164: The property name ItemMenuCaption81 in mnvMDI is invalid.
Line 165: The property name ItemMenuÍcone82 in mnvMDI is invalid.
Line 166: The property name ItemMenuCaption82 in mnvMDI is invalid.
Line 167: The property name ItemMenuÍcone83 in mnvMDI is invalid.
Line 168: The property name ItemMenuCaption83 in mnvMDI is invalid.
Line 182: The property name _ExtentX in ImageListGeralGrande is invalid.
Line 183: The property name _ExtentY in ImageListGeralGrande is invalid.
Line 185: The property name ImageWidth in ImageListGeralGrande is invalid.
Line 186: The property name ImageHeight in ImageListGeralGrande is invalid.
Line 187: The property name MaskColor in ImageListGeralGrande is invalid.
Line 188: The property name _Version in ImageListGeralGrande is invalid.
Line 312: The property name Images in ImageListGeralGrande is invalid.
Line 317: The property name _ExtentX in ImageListToolBar is invalid.
Line 318: The property name _ExtentY in ImageListToolBar is invalid.
Line 320: The property name ImageWidth in ImageListToolBar is invalid.
Line 321: The property name ImageHeight in ImageListToolBar is invalid.
Line 322: The property name MaskColor in ImageListToolBar is invalid.
Line 323: The property name _Version in ImageListToolBar is invalid.
Line 414: The property name Images in ImageListToolBar is invalid.
Line 423: The property name _ExtentX in CoolBar1 is invalid.
Line 424: The property name _ExtentY in CoolBar1 is invalid.
Line 425: The property name BandCount in CoolBar1 is invalid.
Line 426: The property name ImageList in CoolBar1 is invalid.
Line 427: The property name _CBWidth in CoolBar1 is invalid.
Line 428: The property name _CBHeight in CoolBar1 is invalid.
Line 429: The property name _Version in CoolBar1 is invalid.
Line 430: The property name Child1 in CoolBar1 is invalid.
Line 431: The property name MinHeight1 in CoolBar1 is invalid.
Line 432: The property name Width1 in CoolBar1 is invalid.
Line 433: The property name NewRow1 in CoolBar1 is invalid.
Line 434: The property name Child2 in CoolBar1 is invalid.
Line 435: The property name MinHeight2 in CoolBar1 is invalid.
Line 436: The property name Width2 in CoolBar1 is invalid.
Line 437: The property name NewRow2 in CoolBar1 is invalid.
Line 444: The property name _ExtentX in ToolbarAreaDeTrabalho is invalid.
Line 445: The property name _ExtentY in ToolbarAreaDeTrabalho is invalid.
Line 446: The property name ButtonWidth in ToolbarAreaDeTrabalho is invalid.
Line 447: The property name ButtonHeight in ToolbarAreaDeTrabalho is invalid.
Line 448: The property name Style in ToolbarAreaDeTrabalho is invalid.
Line 449: The property name ImageList in ToolbarAreaDeTrabalho is invalid.
Line 450: The property name _Version in ToolbarAreaDeTrabalho is invalid.
Line 463: The property name Buttons in ToolbarAreaDeTrabalho is invalid.
Line 471: The property name _ExtentX in ToolbarPadrão is invalid.
Line 472: The property name _ExtentY in ToolbarPadrão is invalid.
Line 473: The property name ButtonWidth in ToolbarPadrão is invalid.
Line 474: The property name ButtonHeight in ToolbarPadrão is invalid.
Line 475: The property name Style in ToolbarPadrão is invalid.
Line 476: The property name ImageList in ToolbarPadrão is invalid.
Line 477: The property name _Version in ToolbarPadrão is invalid.
Line 538: The property name Buttons in ToolbarPadrão is invalid.
Line 544: The property name _ExtentX in ImageListGeral is invalid.
Line 545: The property name _ExtentY in ImageListGeral is invalid.
Line 547: The property name ImageWidth in ImageListGeral is invalid.
Line 548: The property name ImageHeight in ImageListGeral is invalid.
Line 549: The property name MaskColor in ImageListGeral is invalid.
Line 550: The property name _Version in ImageListGeral is invalid.
Line 677: The property name Images in ImageListGeral is invalid.
Line 682: The property name _ExtentX in ImageListGeralPequeno is invalid.
Line 683: The property name _ExtentY in ImageListGeralPequeno is invalid.
Line 685: The property name ImageWidth in ImageListGeralPequeno is invalid.
Line 686: The property name ImageHeight in ImageListGeralPequeno is invalid.
Line 687: The property name MaskColor in ImageListGeralPequeno is invalid.
Line 688: The property name _Version in ImageListGeralPequeno is invalid.
Line 695: The property name Images in ImageListGeralPequeno is invalid.
