Line 18: Class TabDlg.SSTab of control SSTab1 was not a loaded control class.
Line 72: Class MSComctlLib.ListView of control lvwTaskMan was not a loaded control class.
Line 96: Class MSComctlLib.ImageList of control ImageListGeralPequeno was not a loaded control class.
Line 24: The property name _ExtentX in SSTab1 is invalid.
Line 25: The property name _ExtentY in SSTab1 is invalid.
Line 26: The property name _Version in SSTab1 is invalid.
Line 27: The property name Style in SSTab1 is invalid.
Line 28: The property name Tabs in SSTab1 is invalid.
Line 29: The property name Tab in SSTab1 is invalid.
Line 30: The property name TabHeight in SSTab1 is invalid.
Line 31: The property name TabCaption(0) in SSTab1 is invalid.
Line 32: The property name TabPicture(0) in SSTab1 is invalid.
Line 33: The property name Tab(0).ControlEnabled in SSTab1 is invalid.
Line 34: The property name Tab(0).Control(0) in SSTab1 is invalid.
Line 35: The property name Tab(0).Control(1) in SSTab1 is invalid.
Line 36: The property name Tab(0).Control(2) in SSTab1 is invalid.
Line 37: The property name Tab(0).Control(3) in SSTab1 is invalid.
Line 38: The property name Tab(0).Control(4) in SSTab1 is invalid.
Line 39: The property name Tab(0).Control(5) in SSTab1 is invalid.
Line 40: The property name Tab(0).Control(6) in SSTab1 is invalid.
Line 41: The property name Tab(0).Control(7) in SSTab1 is invalid.
Line 42: The property name Tab(0).Control(8) in SSTab1 is invalid.
Line 43: The property name Tab(0).ControlCount in SSTab1 is invalid.
Line 44: The property name TabCaption(1) in SSTab1 is invalid.
Line 45: The property name TabPicture(1) in SSTab1 is invalid.
Line 46: The property name Tab(1).ControlEnabled in SSTab1 is invalid.
Line 47: The property name Tab(1).Control(0) in SSTab1 is invalid.
Line 48: The property name Tab(1).Control(0).Enabled in SSTab1 is invalid.
Line 49: The property name Tab(1).Control(1) in SSTab1 is invalid.
Line 50: The property name Tab(1).Control(1).Enabled in SSTab1 is invalid.
Line 51: The property name Tab(1).Control(2) in SSTab1 is invalid.
Line 52: The property name Tab(1).Control(2).Enabled in SSTab1 is invalid.
Line 53: The property name Tab(1).ControlCount in SSTab1 is invalid.
Line 78: The property name _ExtentX in lvwTaskMan is invalid.
Line 79: The property name _ExtentY in lvwTaskMan is invalid.
Line 80: The property name LabelWrap in lvwTaskMan is invalid.
Line 81: The property name HideSelection in lvwTaskMan is invalid.
Line 82: The property name FullRowSelect in lvwTaskMan is invalid.
Line 83: The property name _Version in lvwTaskMan is invalid.
Line 84: The property name Icons in lvwTaskMan is invalid.
Line 85: The property name SmallIcons in lvwTaskMan is invalid.
Line 90: The property name NumItems in lvwTaskMan is invalid.
Line 94: The property name ColumnHeader(1) in lvwTaskMan is invalid.
Line 99: The property name _ExtentX in ImageListGeralPequeno is invalid.
Line 100: The property name _ExtentY in ImageListGeralPequeno is invalid.
Line 102: The property name ImageWidth in ImageListGeralPequeno is invalid.
Line 103: The property name ImageHeight in ImageListGeralPequeno is invalid.
Line 104: The property name MaskColor in ImageListGeralPequeno is invalid.
Line 105: The property name _Version in ImageListGeralPequeno is invalid.
Line 112: The property name Images in ImageListGeralPequeno is invalid.
